{"src/contracts/ERC20br.sol":{"l":{"22":9,"23":9,"24":9,"26":9,"30":1,"34":1,"38":1,"42":2,"46":8,"54":6,"56":5,"57":5,"61":3,"62":3,"64":3,"65":3,"74":3,"82":3,"83":2,"88":1,"89":1,"90":1,"98":6,"99":5,"101":4,"102":4,"107":2,"108":2,"113":1,"114":1,"116":1,"118":1,"119":1,"121":1,"129":0,"131":0,"132":0,"134":0,"136":0},"path":"/home/luiz/erc20br/src/contracts/ERC20br.sol","s":{"1":9,"2":9,"3":9,"4":9,"5":1,"6":1,"7":1,"8":2,"9":8,"10":6,"11":5,"12":5,"13":3,"14":3,"15":3,"16":3,"17":3,"18":3,"19":2,"20":1,"21":1,"22":1,"23":6,"24":5,"25":4,"26":4,"27":2,"28":2,"29":1,"30":1,"31":1,"32":1,"33":1,"34":1,"35":0,"36":0,"37":0,"38":0,"39":0},"b":{"1":[5,1],"2":[3,2],"3":[2,1],"4":[1,1],"5":[5,1],"6":[4,1],"7":[2,2],"8":[1,1],"9":[0,0]},"f":{"1":9,"2":1,"3":1,"4":1,"5":2,"6":8,"7":6,"8":3,"9":3,"10":6,"11":0},"fnMap":{"1":{"name":"constructor","line":21,"loc":{"start":{"line":21,"column":4},"end":{"line":27,"column":4}}},"2":{"name":"name","line":29,"loc":{"start":{"line":29,"column":4},"end":{"line":31,"column":4}}},"3":{"name":"symbol","line":33,"loc":{"start":{"line":33,"column":4},"end":{"line":35,"column":4}}},"4":{"name":"decimals","line":37,"loc":{"start":{"line":37,"column":4},"end":{"line":39,"column":4}}},"5":{"name":"totalSupply","line":41,"loc":{"start":{"line":41,"column":4},"end":{"line":43,"column":4}}},"6":{"name":"balanceOf","line":45,"loc":{"start":{"line":45,"column":4},"end":{"line":47,"column":4}}},"7":{"name":"transfer","line":49,"loc":{"start":{"line":49,"column":4},"end":{"line":66,"column":4}}},"8":{"name":"allowance","line":68,"loc":{"start":{"line":68,"column":4},"end":{"line":75,"column":4}}},"9":{"name":"approve","line":77,"loc":{"start":{"line":77,"column":4},"end":{"line":91,"column":4}}},"10":{"name":"transferFrom","line":93,"loc":{"start":{"line":93,"column":4},"end":{"line":122,"column":4}}},"11":{"name":"mint","line":128,"loc":{"start":{"line":128,"column":4},"end":{"line":137,"column":4}}}},"statementMap":{"1":{"start":{"line":22,"column":8},"end":{"line":22,"column":24}},"2":{"start":{"line":23,"column":8},"end":{"line":23,"column":22}},"3":{"start":{"line":24,"column":8},"end":{"line":24,"column":40}},"4":{"start":{"line":26,"column":8},"end":{"line":26,"column":43}},"5":{"start":{"line":30,"column":8},"end":{"line":30,"column":20}},"6":{"start":{"line":34,"column":8},"end":{"line":34,"column":22}},"7":{"start":{"line":38,"column":8},"end":{"line":38,"column":17}},"8":{"start":{"line":42,"column":8},"end":{"line":42,"column":27}},"9":{"start":{"line":46,"column":8},"end":{"line":46,"column":33}},"10":{"start":{"line":54,"column":8},"end":{"line":54,"column":78}},"11":{"start":{"line":56,"column":8},"end":{"line":56,"column":53}},"12":{"start":{"line":57,"column":8},"end":{"line":57,"column":1456}},"13":{"start":{"line":61,"column":8},"end":{"line":61,"column":53}},"14":{"start":{"line":62,"column":8},"end":{"line":62,"column":37}},"15":{"start":{"line":64,"column":8},"end":{"line":64,"column":52}},"16":{"start":{"line":65,"column":8},"end":{"line":65,"column":19}},"17":{"start":{"line":74,"column":8},"end":{"line":74,"column":42}},"18":{"start":{"line":82,"column":8},"end":{"line":82,"column":75}},"19":{"start":{"line":83,"column":8},"end":{"line":83,"column":2127}},"20":{"start":{"line":88,"column":8},"end":{"line":88,"column":48}},"21":{"start":{"line":89,"column":8},"end":{"line":89,"column":50}},"22":{"start":{"line":90,"column":8},"end":{"line":90,"column":19}},"23":{"start":{"line":98,"column":8},"end":{"line":98,"column":77}},"24":{"start":{"line":99,"column":8},"end":{"line":99,"column":78}},"25":{"start":{"line":101,"column":8},"end":{"line":101,"column":66}},"26":{"start":{"line":102,"column":8},"end":{"line":102,"column":2754}},"27":{"start":{"line":107,"column":8},"end":{"line":107,"column":49}},"28":{"start":{"line":108,"column":8},"end":{"line":108,"column":2929}},"29":{"start":{"line":113,"column":8},"end":{"line":113,"column":49}},"30":{"start":{"line":114,"column":8},"end":{"line":114,"column":37}},"31":{"start":{"line":116,"column":8},"end":{"line":116,"column":48}},"32":{"start":{"line":118,"column":8},"end":{"line":118,"column":66}},"33":{"start":{"line":119,"column":8},"end":{"line":119,"column":49}},"34":{"start":{"line":121,"column":8},"end":{"line":121,"column":19}},"35":{"start":{"line":129,"column":8},"end":{"line":129,"column":50}},"36":{"start":{"line":131,"column":8},"end":{"line":131,"column":51}},"37":{"start":{"line":132,"column":8},"end":{"line":132,"column":51}},"38":{"start":{"line":134,"column":8},"end":{"line":134,"column":53}},"39":{"start":{"line":136,"column":8},"end":{"line":136,"column":19}}},"branchMap":{"1":{"line":54,"type":"if","locations":[{"start":{"line":54,"column":8},"end":{"line":54,"column":8}},{"start":{"line":54,"column":8},"end":{"line":54,"column":8}}]},"2":{"line":57,"type":"if","locations":[{"start":{"line":57,"column":8},"end":{"line":57,"column":8}},{"start":{"line":57,"column":8},"end":{"line":57,"column":8}}]},"3":{"line":82,"type":"if","locations":[{"start":{"line":82,"column":8},"end":{"line":82,"column":8}},{"start":{"line":82,"column":8},"end":{"line":82,"column":8}}]},"4":{"line":83,"type":"if","locations":[{"start":{"line":83,"column":8},"end":{"line":83,"column":8}},{"start":{"line":83,"column":8},"end":{"line":83,"column":8}}]},"5":{"line":98,"type":"if","locations":[{"start":{"line":98,"column":8},"end":{"line":98,"column":8}},{"start":{"line":98,"column":8},"end":{"line":98,"column":8}}]},"6":{"line":99,"type":"if","locations":[{"start":{"line":99,"column":8},"end":{"line":99,"column":8}},{"start":{"line":99,"column":8},"end":{"line":99,"column":8}}]},"7":{"line":102,"type":"if","locations":[{"start":{"line":102,"column":8},"end":{"line":102,"column":8}},{"start":{"line":102,"column":8},"end":{"line":102,"column":8}}]},"8":{"line":108,"type":"if","locations":[{"start":{"line":108,"column":8},"end":{"line":108,"column":8}},{"start":{"line":108,"column":8},"end":{"line":108,"column":8}}]},"9":{"line":129,"type":"if","locations":[{"start":{"line":129,"column":8},"end":{"line":129,"column":8}},{"start":{"line":129,"column":8},"end":{"line":129,"column":8}}]}}}}