{"contracts/ERC20br.sol":{"l":{"19":9,"20":9,"21":9,"23":9,"27":1,"31":1,"35":1,"39":2,"43":12,"47":6,"49":5,"50":5,"51":3,"52":3,"54":3,"55":3,"59":3,"63":3,"64":2,"66":1,"67":1,"68":1,"72":6,"73":5,"75":4,"76":4,"78":2,"79":2,"81":1,"82":1,"84":1,"86":1,"87":1,"89":1},"path":"/home/luiz/erc20br/contracts/ERC20br.sol","s":{"1":9,"2":9,"3":9,"4":9,"5":1,"6":1,"7":1,"8":2,"9":12,"10":6,"11":5,"12":5,"13":3,"14":3,"15":3,"16":3,"17":3,"18":3,"19":2,"20":1,"21":1,"22":1,"23":6,"24":5,"25":4,"26":4,"27":2,"28":2,"29":1,"30":1,"31":1,"32":1,"33":1,"34":1},"b":{"1":[5,1],"2":[3,2],"3":[2,1],"4":[1,1],"5":[5,1],"6":[4,1],"7":[2,2],"8":[1,1]},"f":{"1":9,"2":1,"3":1,"4":1,"5":2,"6":12,"7":6,"8":3,"9":3,"10":6},"fnMap":{"1":{"name":"constructor","line":18,"loc":{"start":{"line":18,"column":4},"end":{"line":24,"column":4}}},"2":{"name":"name","line":26,"loc":{"start":{"line":26,"column":4},"end":{"line":28,"column":4}}},"3":{"name":"symbol","line":30,"loc":{"start":{"line":30,"column":4},"end":{"line":32,"column":4}}},"4":{"name":"decimals","line":34,"loc":{"start":{"line":34,"column":4},"end":{"line":36,"column":4}}},"5":{"name":"totalSupply","line":38,"loc":{"start":{"line":38,"column":4},"end":{"line":40,"column":4}}},"6":{"name":"balanceOf","line":42,"loc":{"start":{"line":42,"column":4},"end":{"line":44,"column":4}}},"7":{"name":"transfer","line":46,"loc":{"start":{"line":46,"column":4},"end":{"line":56,"column":4}}},"8":{"name":"allowance","line":58,"loc":{"start":{"line":58,"column":4},"end":{"line":60,"column":4}}},"9":{"name":"approve","line":62,"loc":{"start":{"line":62,"column":4},"end":{"line":69,"column":4}}},"10":{"name":"transferFrom","line":71,"loc":{"start":{"line":71,"column":4},"end":{"line":90,"column":4}}}},"statementMap":{"1":{"start":{"line":19,"column":8},"end":{"line":19,"column":24}},"2":{"start":{"line":20,"column":8},"end":{"line":20,"column":22}},"3":{"start":{"line":21,"column":8},"end":{"line":21,"column":42}},"4":{"start":{"line":23,"column":8},"end":{"line":23,"column":43}},"5":{"start":{"line":27,"column":8},"end":{"line":27,"column":20}},"6":{"start":{"line":31,"column":8},"end":{"line":31,"column":22}},"7":{"start":{"line":35,"column":8},"end":{"line":35,"column":17}},"8":{"start":{"line":39,"column":8},"end":{"line":39,"column":27}},"9":{"start":{"line":43,"column":8},"end":{"line":43,"column":33}},"10":{"start":{"line":47,"column":8},"end":{"line":47,"column":78}},"11":{"start":{"line":49,"column":8},"end":{"line":49,"column":53}},"12":{"start":{"line":50,"column":8},"end":{"line":50,"column":81}},"13":{"start":{"line":51,"column":8},"end":{"line":51,"column":53}},"14":{"start":{"line":52,"column":8},"end":{"line":52,"column":37}},"15":{"start":{"line":54,"column":8},"end":{"line":54,"column":52}},"16":{"start":{"line":55,"column":8},"end":{"line":55,"column":19}},"17":{"start":{"line":59,"column":8},"end":{"line":59,"column":42}},"18":{"start":{"line":63,"column":8},"end":{"line":63,"column":75}},"19":{"start":{"line":64,"column":8},"end":{"line":64,"column":89}},"20":{"start":{"line":66,"column":8},"end":{"line":66,"column":48}},"21":{"start":{"line":67,"column":8},"end":{"line":67,"column":50}},"22":{"start":{"line":68,"column":8},"end":{"line":68,"column":19}},"23":{"start":{"line":72,"column":8},"end":{"line":72,"column":77}},"24":{"start":{"line":73,"column":8},"end":{"line":73,"column":78}},"25":{"start":{"line":75,"column":8},"end":{"line":75,"column":66}},"26":{"start":{"line":76,"column":8},"end":{"line":76,"column":86}},"27":{"start":{"line":78,"column":8},"end":{"line":78,"column":49}},"28":{"start":{"line":79,"column":8},"end":{"line":79,"column":81}},"29":{"start":{"line":81,"column":8},"end":{"line":81,"column":49}},"30":{"start":{"line":82,"column":8},"end":{"line":82,"column":37}},"31":{"start":{"line":84,"column":8},"end":{"line":84,"column":48}},"32":{"start":{"line":86,"column":8},"end":{"line":86,"column":66}},"33":{"start":{"line":87,"column":8},"end":{"line":87,"column":49}},"34":{"start":{"line":89,"column":8},"end":{"line":89,"column":19}}},"branchMap":{"1":{"line":47,"type":"if","locations":[{"start":{"line":47,"column":8},"end":{"line":47,"column":8}},{"start":{"line":47,"column":8},"end":{"line":47,"column":8}}]},"2":{"line":50,"type":"if","locations":[{"start":{"line":50,"column":8},"end":{"line":50,"column":8}},{"start":{"line":50,"column":8},"end":{"line":50,"column":8}}]},"3":{"line":63,"type":"if","locations":[{"start":{"line":63,"column":8},"end":{"line":63,"column":8}},{"start":{"line":63,"column":8},"end":{"line":63,"column":8}}]},"4":{"line":64,"type":"if","locations":[{"start":{"line":64,"column":8},"end":{"line":64,"column":8}},{"start":{"line":64,"column":8},"end":{"line":64,"column":8}}]},"5":{"line":72,"type":"if","locations":[{"start":{"line":72,"column":8},"end":{"line":72,"column":8}},{"start":{"line":72,"column":8},"end":{"line":72,"column":8}}]},"6":{"line":73,"type":"if","locations":[{"start":{"line":73,"column":8},"end":{"line":73,"column":8}},{"start":{"line":73,"column":8},"end":{"line":73,"column":8}}]},"7":{"line":76,"type":"if","locations":[{"start":{"line":76,"column":8},"end":{"line":76,"column":8}},{"start":{"line":76,"column":8},"end":{"line":76,"column":8}}]},"8":{"line":79,"type":"if","locations":[{"start":{"line":79,"column":8},"end":{"line":79,"column":8}},{"start":{"line":79,"column":8},"end":{"line":79,"column":8}}]}}}}