TN:
SF:/home/luiz/erc20br/src/contracts/ERC20br.sol
FN:21,constructor
FN:29,name
FN:33,symbol
FN:37,decimals
FN:41,totalSupply
FN:45,balanceOf
FN:49,transfer
FN:68,allowance
FN:77,approve
FN:93,transferFrom
FN:128,mint
FNF:11
FNH:10
FNDA:9,constructor
FNDA:1,name
FNDA:1,symbol
FNDA:1,decimals
FNDA:2,totalSupply
FNDA:8,balanceOf
FNDA:6,transfer
FNDA:3,allowance
FNDA:3,approve
FNDA:6,transferFrom
FNDA:0,mint
DA:22,9
DA:23,9
DA:24,9
DA:26,9
DA:30,1
DA:34,1
DA:38,1
DA:42,2
DA:46,8
DA:54,6
DA:56,5
DA:57,5
DA:61,3
DA:62,3
DA:64,3
DA:65,3
DA:74,3
DA:82,3
DA:83,2
DA:88,1
DA:89,1
DA:90,1
DA:98,6
DA:99,5
DA:101,4
DA:102,4
DA:107,2
DA:108,2
DA:113,1
DA:114,1
DA:116,1
DA:118,1
DA:119,1
DA:121,1
DA:129,0
DA:131,0
DA:132,0
DA:134,0
DA:136,0
LF:39
LH:34
BRDA:54,1,0,5
BRDA:54,1,1,1
BRDA:57,2,0,3
BRDA:57,2,1,2
BRDA:82,3,0,2
BRDA:82,3,1,1
BRDA:83,4,0,1
BRDA:83,4,1,1
BRDA:98,5,0,5
BRDA:98,5,1,1
BRDA:99,6,0,4
BRDA:99,6,1,1
BRDA:102,7,0,2
BRDA:102,7,1,2
BRDA:108,8,0,1
BRDA:108,8,1,1
BRDA:129,9,0,0
BRDA:129,9,1,0
BRF:18
BRH:16
end_of_record
